0 / 1259
1 / 1259
2 / 1259
3 / 1259
4 / 1259
5 / 1259
6 / 1259
7 / 1259
8 / 1259
9 / 1259
10 / 1259
11 / 1259
12 / 1259
13 / 1259
14 / 1259
15 / 1259
16 / 1259
17 / 1259
18 / 1259
19 / 1259
20 / 1259
21 / 1259
22 / 1259
23 / 1259
24 / 1259
25 / 1259
26 / 1259
27 / 1259
28 / 1259
29 / 1259
30 / 1259
31 / 1259
32 / 1259
33 / 1259
34 / 1259
35 / 1259
36 / 1259
37 / 1259
38 / 1259
39 / 1259
40 / 1259
41 / 1259
42 / 1259
43 / 1259
44 / 1259
45 / 1259
46 / 1259
47 / 1259
48 / 1259
49 / 1259
50 / 1259
51 / 1259
52 / 1259
53 / 1259
54 / 1259
55 / 1259
56 / 1259
57 / 1259
58 / 1259
59 / 1259
60 / 1259
61 / 1259
62 / 1259
63 / 1259
64 / 1259
65 / 1259
66 / 1259
67 / 1259
68 / 1259
69 / 1259
70 / 1259
71 / 1259
72 / 1259
73 / 1259
74 / 1259
75 / 1259
76 / 1259
77 / 1259
78 / 1259
79 / 1259
80 / 1259
81 / 1259
82 / 1259
83 / 1259
84 / 1259
85 / 1259
86 / 1259
87 / 1259
88 / 1259
89 / 1259
90 / 1259
91 / 1259
92 / 1259
93 / 1259
94 / 1259
95 / 1259
96 / 1259
97 / 1259
98 / 1259
99 / 1259
100 / 1259
101 / 1259
102 / 1259
103 / 1259
104 / 1259
105 / 1259
106 / 1259
107 / 1259
108 / 1259
109 / 1259
110 / 1259
111 / 1259
112 / 1259
113 / 1259
114 / 1259
115 / 1259
116 / 1259
117 / 1259
118 / 1259
119 / 1259
120 / 1259
121 / 1259
122 / 1259
123 / 1259
124 / 1259
125 / 1259
126 / 1259
127 / 1259
128 / 1259
129 / 1259
130 / 1259
131 / 1259
132 / 1259
133 / 1259
134 / 1259
135 / 1259
136 / 1259
137 / 1259
138 / 1259
139 / 1259
140 / 1259
141 / 1259
142 / 1259
143 / 1259
144 / 1259
145 / 1259
146 / 1259
147 / 1259
148 / 1259
149 / 1259
150 / 1259
151 / 1259
152 / 1259
153 / 1259
154 / 1259
155 / 1259
156 / 1259
157 / 1259
158 / 1259
159 / 1259
160 / 1259
161 / 1259
162 / 1259
163 / 1259
164 / 1259
165 / 1259
166 / 1259
167 / 1259
168 / 1259
169 / 1259
170 / 1259
171 / 1259
172 / 1259
173 / 1259
174 / 1259
175 / 1259
176 / 1259
177 / 1259
178 / 1259
179 / 1259
180 / 1259
181 / 1259
182 / 1259
183 / 1259
184 / 1259
185 / 1259
186 / 1259
187 / 1259
188 / 1259
189 / 1259
190 / 1259
191 / 1259
192 / 1259
193 / 1259
194 / 1259
195 / 1259
196 / 1259
197 / 1259
198 / 1259
199 / 1259
200 / 1259
201 / 1259
202 / 1259
203 / 1259
204 / 1259
205 / 1259
206 / 1259
207 / 1259
208 / 1259
209 / 1259
210 / 1259
211 / 1259
212 / 1259
213 / 1259
214 / 1259
215 / 1259
216 / 1259
217 / 1259
218 / 1259
219 / 1259
220 / 1259
221 / 1259
222 / 1259
223 / 1259
224 / 1259
225 / 1259
226 / 1259
227 / 1259
228 / 1259
229 / 1259
230 / 1259
231 / 1259
232 / 1259
233 / 1259
234 / 1259
235 / 1259
236 / 1259
237 / 1259
238 / 1259
239 / 1259
240 / 1259
241 / 1259
242 / 1259
243 / 1259
244 / 1259
245 / 1259
246 / 1259
247 / 1259
248 / 1259
249 / 1259
250 / 1259
251 / 1259
252 / 1259
253 / 1259
254 / 1259
255 / 1259
256 / 1259
257 / 1259
258 / 1259
259 / 1259
260 / 1259
261 / 1259
262 / 1259
263 / 1259
264 / 1259
265 / 1259
266 / 1259
267 / 1259
268 / 1259
269 / 1259
270 / 1259
271 / 1259
272 / 1259
273 / 1259
274 / 1259
275 / 1259
276 / 1259
277 / 1259
278 / 1259
279 / 1259
280 / 1259
281 / 1259
282 / 1259
283 / 1259
284 / 1259
285 / 1259
286 / 1259
287 / 1259
288 / 1259
289 / 1259
290 / 1259
291 / 1259
292 / 1259
293 / 1259
294 / 1259
295 / 1259
296 / 1259
297 / 1259
298 / 1259
299 / 1259
300 / 1259
301 / 1259
302 / 1259
303 / 1259
304 / 1259
305 / 1259
306 / 1259
307 / 1259
308 / 1259
309 / 1259
310 / 1259
311 / 1259
312 / 1259
313 / 1259
314 / 1259
315 / 1259
316 / 1259
317 / 1259
318 / 1259
319 / 1259
320 / 1259
321 / 1259
322 / 1259
323 / 1259
324 / 1259
325 / 1259
326 / 1259
327 / 1259
328 / 1259
329 / 1259
330 / 1259
331 / 1259
332 / 1259
333 / 1259
334 / 1259
335 / 1259
336 / 1259
337 / 1259
338 / 1259
339 / 1259
340 / 1259
341 / 1259
342 / 1259
343 / 1259
344 / 1259
345 / 1259
346 / 1259
347 / 1259
348 / 1259
349 / 1259
350 / 1259
351 / 1259
352 / 1259
353 / 1259
354 / 1259
355 / 1259
356 / 1259
357 / 1259
358 / 1259
359 / 1259
360 / 1259
361 / 1259
362 / 1259
363 / 1259
364 / 1259
365 / 1259
366 / 1259
367 / 1259
368 / 1259
369 / 1259
370 / 1259
371 / 1259
372 / 1259
373 / 1259
374 / 1259
375 / 1259
376 / 1259
377 / 1259
378 / 1259
379 / 1259
380 / 1259
381 / 1259
382 / 1259
383 / 1259
384 / 1259
385 / 1259
386 / 1259
387 / 1259
388 / 1259
389 / 1259
390 / 1259
391 / 1259
392 / 1259
393 / 1259
394 / 1259
395 / 1259
396 / 1259
397 / 1259
398 / 1259
399 / 1259
400 / 1259
401 / 1259
402 / 1259
403 / 1259
404 / 1259
405 / 1259
406 / 1259
407 / 1259
408 / 1259
409 / 1259
410 / 1259
411 / 1259
412 / 1259
413 / 1259
414 / 1259
415 / 1259
416 / 1259
417 / 1259
418 / 1259
419 / 1259
420 / 1259
421 / 1259
422 / 1259
423 / 1259
424 / 1259
425 / 1259
426 / 1259
427 / 1259
428 / 1259
429 / 1259
430 / 1259
431 / 1259
432 / 1259
433 / 1259
434 / 1259
435 / 1259
436 / 1259
437 / 1259
438 / 1259
439 / 1259
440 / 1259
441 / 1259
442 / 1259
443 / 1259
444 / 1259
445 / 1259
446 / 1259
447 / 1259
448 / 1259
449 / 1259
450 / 1259
451 / 1259
452 / 1259
453 / 1259
454 / 1259
455 / 1259
456 / 1259
457 / 1259
458 / 1259
459 / 1259
460 / 1259
461 / 1259
462 / 1259
463 / 1259
464 / 1259
465 / 1259
466 / 1259
467 / 1259
468 / 1259
469 / 1259
470 / 1259
471 / 1259
472 / 1259
473 / 1259
474 / 1259
475 / 1259
476 / 1259
477 / 1259
478 / 1259
479 / 1259
480 / 1259
481 / 1259
482 / 1259
483 / 1259
484 / 1259
485 / 1259
486 / 1259
487 / 1259
488 / 1259
489 / 1259
490 / 1259
491 / 1259
492 / 1259
493 / 1259
494 / 1259
495 / 1259
496 / 1259
497 / 1259
498 / 1259
499 / 1259
500 / 1259
501 / 1259
502 / 1259
503 / 1259
504 / 1259
505 / 1259
506 / 1259
507 / 1259
508 / 1259
509 / 1259
510 / 1259
511 / 1259
512 / 1259
513 / 1259
514 / 1259
515 / 1259
516 / 1259
517 / 1259
518 / 1259
519 / 1259
520 / 1259
521 / 1259
522 / 1259
523 / 1259
524 / 1259
525 / 1259
526 / 1259
527 / 1259
528 / 1259
529 / 1259
530 / 1259
531 / 1259
532 / 1259
533 / 1259
534 / 1259
535 / 1259
536 / 1259
537 / 1259
538 / 1259
539 / 1259
540 / 1259
541 / 1259
542 / 1259
543 / 1259
544 / 1259
545 / 1259
546 / 1259
547 / 1259
548 / 1259
549 / 1259
550 / 1259
551 / 1259
552 / 1259
553 / 1259
554 / 1259
555 / 1259
556 / 1259
557 / 1259
558 / 1259
559 / 1259
560 / 1259
561 / 1259
562 / 1259
563 / 1259
564 / 1259
565 / 1259
566 / 1259
567 / 1259
568 / 1259
569 / 1259
570 / 1259
571 / 1259
572 / 1259
573 / 1259
574 / 1259
575 / 1259
576 / 1259
577 / 1259
578 / 1259
579 / 1259
580 / 1259
581 / 1259
582 / 1259
583 / 1259
584 / 1259
585 / 1259
586 / 1259
587 / 1259
588 / 1259
589 / 1259
590 / 1259
591 / 1259
592 / 1259
593 / 1259
594 / 1259
595 / 1259
596 / 1259
597 / 1259
598 / 1259
599 / 1259
600 / 1259
601 / 1259
602 / 1259
603 / 1259
604 / 1259
605 / 1259
606 / 1259
607 / 1259
608 / 1259
609 / 1259
610 / 1259
611 / 1259
612 / 1259
613 / 1259
614 / 1259
615 / 1259
616 / 1259
617 / 1259
618 / 1259
619 / 1259
620 / 1259
621 / 1259
622 / 1259
623 / 1259
624 / 1259
625 / 1259
626 / 1259
627 / 1259
628 / 1259
629 / 1259
630 / 1259
631 / 1259
632 / 1259
633 / 1259
634 / 1259
635 / 1259
636 / 1259
637 / 1259
638 / 1259
639 / 1259
640 / 1259
641 / 1259
642 / 1259
643 / 1259
644 / 1259
645 / 1259
646 / 1259
647 / 1259
648 / 1259
649 / 1259
650 / 1259
651 / 1259
652 / 1259
653 / 1259
654 / 1259
655 / 1259
656 / 1259
657 / 1259
658 / 1259
659 / 1259
660 / 1259
661 / 1259
662 / 1259
663 / 1259
664 / 1259
665 / 1259
666 / 1259
667 / 1259
668 / 1259
669 / 1259
670 / 1259
671 / 1259
672 / 1259
673 / 1259
674 / 1259
675 / 1259
676 / 1259
677 / 1259
678 / 1259
679 / 1259
680 / 1259
681 / 1259
682 / 1259
683 / 1259
684 / 1259
685 / 1259
686 / 1259
687 / 1259
688 / 1259
689 / 1259
690 / 1259
691 / 1259
692 / 1259
693 / 1259
694 / 1259
695 / 1259
696 / 1259
697 / 1259
698 / 1259
699 / 1259
700 / 1259
701 / 1259
702 / 1259
703 / 1259
704 / 1259
705 / 1259
706 / 1259
707 / 1259
708 / 1259
709 / 1259
710 / 1259
711 / 1259
712 / 1259
713 / 1259
714 / 1259
715 / 1259
716 / 1259
717 / 1259
718 / 1259
719 / 1259
720 / 1259
721 / 1259
722 / 1259
723 / 1259
724 / 1259
725 / 1259
726 / 1259
727 / 1259
728 / 1259
729 / 1259
730 / 1259
731 / 1259
732 / 1259
733 / 1259
734 / 1259
735 / 1259
736 / 1259
737 / 1259
738 / 1259
739 / 1259
740 / 1259
741 / 1259
742 / 1259
743 / 1259
744 / 1259
745 / 1259
746 / 1259
747 / 1259
748 / 1259
749 / 1259
750 / 1259
751 / 1259
752 / 1259
753 / 1259
754 / 1259
755 / 1259
756 / 1259
757 / 1259
758 / 1259
759 / 1259
760 / 1259
761 / 1259
762 / 1259
763 / 1259
764 / 1259
765 / 1259
766 / 1259
767 / 1259
768 / 1259
769 / 1259
770 / 1259
771 / 1259
772 / 1259
773 / 1259
774 / 1259
775 / 1259
776 / 1259
777 / 1259
778 / 1259
779 / 1259
780 / 1259
781 / 1259
782 / 1259
783 / 1259
784 / 1259
785 / 1259
786 / 1259
787 / 1259
788 / 1259
789 / 1259
790 / 1259
791 / 1259
792 / 1259
793 / 1259
794 / 1259
795 / 1259
796 / 1259
797 / 1259
798 / 1259
799 / 1259
800 / 1259
801 / 1259
802 / 1259
803 / 1259
804 / 1259
805 / 1259
806 / 1259
807 / 1259
808 / 1259
809 / 1259
810 / 1259
811 / 1259
812 / 1259
813 / 1259
814 / 1259
815 / 1259
816 / 1259
817 / 1259
818 / 1259
819 / 1259
820 / 1259
821 / 1259
822 / 1259
823 / 1259
824 / 1259
825 / 1259
826 / 1259
827 / 1259
828 / 1259
829 / 1259
830 / 1259
831 / 1259
832 / 1259
833 / 1259
834 / 1259
835 / 1259
836 / 1259
837 / 1259
838 / 1259
839 / 1259
840 / 1259
841 / 1259
842 / 1259
843 / 1259
844 / 1259
845 / 1259
846 / 1259
847 / 1259
848 / 1259
849 / 1259
850 / 1259
851 / 1259
852 / 1259
853 / 1259
854 / 1259
855 / 1259
856 / 1259
857 / 1259
858 / 1259
859 / 1259
860 / 1259
861 / 1259
862 / 1259
863 / 1259
864 / 1259
865 / 1259
866 / 1259
867 / 1259
868 / 1259
869 / 1259
870 / 1259
871 / 1259
872 / 1259
873 / 1259
874 / 1259
875 / 1259
876 / 1259
877 / 1259
878 / 1259
879 / 1259
880 / 1259
881 / 1259
882 / 1259
883 / 1259
884 / 1259
885 / 1259
886 / 1259
887 / 1259
888 / 1259
889 / 1259
890 / 1259
891 / 1259
892 / 1259
893 / 1259
894 / 1259
895 / 1259
896 / 1259
897 / 1259
898 / 1259
899 / 1259
900 / 1259
901 / 1259
902 / 1259
903 / 1259
904 / 1259
905 / 1259
906 / 1259
907 / 1259
908 / 1259
909 / 1259
910 / 1259
911 / 1259
912 / 1259
913 / 1259
914 / 1259
915 / 1259
916 / 1259
917 / 1259
918 / 1259
919 / 1259
920 / 1259
921 / 1259
922 / 1259
923 / 1259
924 / 1259
925 / 1259
926 / 1259
927 / 1259
928 / 1259
929 / 1259
930 / 1259
931 / 1259
932 / 1259
933 / 1259
934 / 1259
935 / 1259
936 / 1259
937 / 1259
938 / 1259
939 / 1259
940 / 1259
941 / 1259
942 / 1259
943 / 1259
944 / 1259
945 / 1259
946 / 1259
947 / 1259
948 / 1259
949 / 1259
950 / 1259
951 / 1259
952 / 1259
953 / 1259
954 / 1259
955 / 1259
956 / 1259
957 / 1259
958 / 1259
959 / 1259
960 / 1259
961 / 1259
962 / 1259
963 / 1259
964 / 1259
965 / 1259
966 / 1259
967 / 1259
968 / 1259
969 / 1259
970 / 1259
971 / 1259
972 / 1259
973 / 1259
974 / 1259
975 / 1259
976 / 1259
977 / 1259
978 / 1259
979 / 1259
980 / 1259
981 / 1259
982 / 1259
983 / 1259
984 / 1259
985 / 1259
986 / 1259
987 / 1259
988 / 1259
989 / 1259
990 / 1259
991 / 1259
992 / 1259
993 / 1259
994 / 1259
995 / 1259
996 / 1259
997 / 1259
998 / 1259
999 / 1259
1000 / 1259
1001 / 1259
1002 / 1259
1003 / 1259
1004 / 1259
1005 / 1259
1006 / 1259
1007 / 1259
1008 / 1259
1009 / 1259
1010 / 1259
1011 / 1259
1012 / 1259
1013 / 1259
1014 / 1259
1015 / 1259
1016 / 1259
1017 / 1259
1018 / 1259
1019 / 1259
1020 / 1259
1021 / 1259
1022 / 1259
1023 / 1259
1024 / 1259
1025 / 1259
1026 / 1259
1027 / 1259
1028 / 1259
1029 / 1259
1030 / 1259
1031 / 1259
1032 / 1259
1033 / 1259
1034 / 1259
1035 / 1259
1036 / 1259
1037 / 1259
1038 / 1259
1039 / 1259
1040 / 1259
1041 / 1259
1042 / 1259
1043 / 1259
1044 / 1259
1045 / 1259
1046 / 1259
1047 / 1259
1048 / 1259
1049 / 1259
1050 / 1259
1051 / 1259
1052 / 1259
1053 / 1259
1054 / 1259
1055 / 1259
1056 / 1259
1057 / 1259
1058 / 1259
1059 / 1259
1060 / 1259
1061 / 1259
1062 / 1259
1063 / 1259
1064 / 1259
1065 / 1259
1066 / 1259
1067 / 1259
1068 / 1259
1069 / 1259
1070 / 1259
1071 / 1259
1072 / 1259
1073 / 1259
1074 / 1259
1075 / 1259
1076 / 1259
1077 / 1259
1078 / 1259
1079 / 1259
1080 / 1259
1081 / 1259
1082 / 1259
1083 / 1259
1084 / 1259
1085 / 1259
1086 / 1259
1087 / 1259
1088 / 1259
1089 / 1259
1090 / 1259
1091 / 1259
1092 / 1259
1093 / 1259
1094 / 1259
1095 / 1259
1096 / 1259
1097 / 1259
1098 / 1259
1099 / 1259
1100 / 1259
1101 / 1259
1102 / 1259
1103 / 1259
1104 / 1259
1105 / 1259
1106 / 1259
1107 / 1259
1108 / 1259
1109 / 1259
1110 / 1259
1111 / 1259
1112 / 1259
1113 / 1259
1114 / 1259
1115 / 1259
1116 / 1259
1117 / 1259
1118 / 1259
1119 / 1259
1120 / 1259
1121 / 1259
1122 / 1259
1123 / 1259
1124 / 1259
1125 / 1259
1126 / 1259
1127 / 1259
1128 / 1259
1129 / 1259
1130 / 1259
1131 / 1259
1132 / 1259
1133 / 1259
1134 / 1259
1135 / 1259
1136 / 1259
1137 / 1259
1138 / 1259
1139 / 1259
1140 / 1259
1141 / 1259
1142 / 1259
1143 / 1259
1144 / 1259
1145 / 1259
1146 / 1259
1147 / 1259
1148 / 1259
1149 / 1259
1150 / 1259
1151 / 1259
1152 / 1259
1153 / 1259
1154 / 1259
1155 / 1259
1156 / 1259
1157 / 1259
1158 / 1259
1159 / 1259
1160 / 1259
1161 / 1259
1162 / 1259
1163 / 1259
1164 / 1259
1165 / 1259
1166 / 1259
1167 / 1259
1168 / 1259
1169 / 1259
1170 / 1259
1171 / 1259
1172 / 1259
1173 / 1259
1174 / 1259
1175 / 1259
1176 / 1259
1177 / 1259
1178 / 1259
1179 / 1259
1180 / 1259
1181 / 1259
1182 / 1259
1183 / 1259
1184 / 1259
1185 / 1259
1186 / 1259
1187 / 1259
1188 / 1259
1189 / 1259
1190 / 1259
1191 / 1259
1192 / 1259
1193 / 1259
1194 / 1259
1195 / 1259
1196 / 1259
1197 / 1259
1198 / 1259
1199 / 1259
1200 / 1259
1201 / 1259
1202 / 1259
1203 / 1259
1204 / 1259
1205 / 1259
1206 / 1259
1207 / 1259
1208 / 1259
1209 / 1259
1210 / 1259
1211 / 1259
1212 / 1259
1213 / 1259
1214 / 1259
1215 / 1259
1216 / 1259
1217 / 1259
1218 / 1259
1219 / 1259
1220 / 1259
1221 / 1259
1222 / 1259
1223 / 1259
1224 / 1259
1225 / 1259
1226 / 1259
1227 / 1259
1228 / 1259
1229 / 1259
1230 / 1259
1231 / 1259
1232 / 1259
1233 / 1259
1234 / 1259
1235 / 1259
1236 / 1259
1237 / 1259
1238 / 1259
1239 / 1259
1240 / 1259
1241 / 1259
1242 / 1259
1243 / 1259
1244 / 1259
1245 / 1259
1246 / 1259
1247 / 1259
1248 / 1259
1249 / 1259
1250 / 1259
1251 / 1259
1252 / 1259
